ra
ra
pb
ra
ra
ra
ra
pb
ra
pb
ra
ra
ra
ra
ra
ra
ra
pb
rb
ra
ra
ra
ra
ra
ra
ra
pb
ra
pb
rb
ra
ra
ra
pb
rb
ra
ra
ra
pb
sb
ra
ra
pb
ra
pb
rb
ra
pb
rb
pb
pb
rb
ra
ra
pb
pb
rb
pb
rb
pb
rb
ra
ra
pb
ra
ra
ra
ra
ra
ra
ra
ra
ra
ra
pb
rb
pb
pb
rb
ra
ra
pb
sb
ra
ra
ra
pb
rb
ra
ra
pb
rb
pb
rb
pb
rb
pb
pb
ra
pb
ra
pb
rb
ra
ra
ra
pb
rb
pb
rb
pb
rb
pb
rb
pb
rb
ra
ra
pb
pb
pb
rb
pb
rb
pb
rb
pb
sb
pb
rb
pa
pa
pa
rrb
rrb
pa
pa
rrb
pa
rrb
pa
pa
rrb
rrb
pa
rb
pa
rrb
rrb
pa
rrb
rrb
pa
pa
rb
pa
rrb
pa
rrb
pa
rrb
pa
pa
rb
pa
rrb
pa
rrb
rrb
rrb
pa
rrb
pa
rb
rb
pa
pa
rrb
pa
rrb
pa
rrb
rrb
pa
pa
pa
pa
rrb
rrb
rrb
pa
rb
rb
pa
rrb
rrb
rrb
pa
rb
pa
pa
pa
rrb
pa
rrb
rrb
rrb
pa
rrb
rrb
pa
rrb
rrb
pa
rrb
pa
pa

before processing-----
111-> 236-> 28-> 343-> 186-> 336-> 352-> 35-> 280-> 44-> 270-> 281-> 293-> 251-> 398-> 375-> 338-> 14-> 100-> 202-> 144-> 342-> 305-> 185-> 311-> 84-> 320-> 29-> 340-> 175-> 317-> 22-> 368-> 114-> 120-> 73-> 211-> 266-> 95-> 283-> 8-> 382-> 65-> 130-> 77-> 299-> 322-> 132-> 31-> 61-> NULL
after processing-----

new stack sorted (b):
342
340
338
299
283
266
202
185
186
132
130
95
84
73
44
35
28
14
29
22
8
65
77
31
61
111
100
144
175
114
120
211
236
280
270
281
293
251
305
311
320
317
NULL
check if any nodes left in stack a:

just check:
368---->382---->322---->343---->336---->352---->398---->375---->NULL

new stack sorted:
8---->14---->22---->28---->29---->31---->35---->44---->61---->65---->73---->77---->84---->95---->100---->111---->114---->120---->130---->132---->144---->175---->185---->186---->202---->211---->236---->251---->266---->270---->280---->281---->283---->293---->299---->305---->311---->317---->320---->338---->340---->342---->368---->382---->322---->343---->336---->352---->398---->375---->NULL
8
14
22
28
29
31
35
44
61
65
73
77
84
95
100
111
114
120
130
132
144
175
185
186
202
211
236
251
266
270
280
281
283
293
299
305
311
317
320
338
340
342
368
382
322
343
336
352
398
375
NULL

------end of program--------